{
  "RSpec": {
    "coverage": {
      "/Users/juankuquintana/yellowme/teams/yellowme/repo/bestie/spec/rails_helper.rb": [
        null,
        1,
        1,
        null,
        1,
        null,
        null,
        1,
        1,
        null,
        1,
        1,
        null,
        null,
        null,
        null,
        null,
        null,
        null,
        null,
        null,
        null,
        null,
        null,
        null,
        null,
        null,
        null,
        null,
        null,
        1,
        1,
        null,
        0,
        0,
        null,
        1,
        null,
        1,
        1,
        null,
        null,
        null,
        null,
        1,
        null,
        null,
        null,
        null,
        null,
        null,
        null,
        null,
        null,
        null,
        null,
        null,
        null,
        null,
        1,
        null,
        null,
        1,
        null,
        null,
        null
      ],
      "/Users/juankuquintana/yellowme/teams/yellowme/repo/bestie/spec/dummy/config/environment.rb": [
        null,
        1,
        null,
        null,
        1
      ],
      "/Users/juankuquintana/yellowme/teams/yellowme/repo/bestie/spec/dummy/config/application.rb": [
        1,
        null,
        1,
        null,
        1,
        1,
        1,
        1,
        1,
        1,
        1,
        1,
        1,
        null,
        null,
        1,
        1,
        null,
        1,
        1,
        null,
        1,
        null,
        null,
        null,
        null,
        null,
        null,
        null,
        null
      ],
      "/Users/juankuquintana/yellowme/teams/yellowme/repo/bestie/spec/dummy/config/boot.rb": [
        null,
        1,
        null,
        1,
        1
      ],
      "/Users/juankuquintana/yellowme/teams/yellowme/repo/bestie/lib/bestie.rb": [
        1,
        null,
        1,
        1,
        null,
        1,
        1,
        1,
        1,
        1,
        1,
        1,
        1,
        1,
        1,
        1,
        1,
        1,
        1,
        1,
        1,
        1,
        1,
        1,
        1,
        1,
        1,
        1,
        1,
        1,
        null,
        1,
        null,
        1,
        1,
        null,
        1,
        null
      ],
      "/Users/juankuquintana/yellowme/teams/yellowme/repo/bestie/lib/bestie/railtie.rb": [
        1,
        1,
        null,
        null
      ],
      "/Users/juankuquintana/yellowme/teams/yellowme/repo/bestie/lib/bestie/repositories/base_repository.rb": [
        1,
        1,
        1,
        1,
        null,
        null,
        null,
        null,
        null,
        null,
        1,
        2,
        null,
        null,
        null,
        null,
        null,
        null,
        null,
        null,
        null,
        1,
        2,
        null,
        null,
        null,
        null,
        null,
        null,
        null,
        null,
        null,
        null,
        null,
        1,
        2,
        null,
        null,
        null,
        null,
        null,
        null,
        null,
        null,
        null,
        null,
        null,
        null,
        1,
        0,
        0,
        null,
        null,
        null,
        null,
        null,
        null,
        null,
        null,
        null,
        null,
        null,
        1,
        4,
        3,
        null,
        1,
        null,
        null,
        1,
        null,
        1,
        1,
        1,
        null,
        null,
        null,
        null
      ],
      "/Users/juankuquintana/yellowme/teams/yellowme/repo/bestie/lib/bestie/repositories/catalogs/concerns/model_caching_extention.rb": [
        1,
        1,
        1,
        1,
        1,
        1,
        null,
        1,
        null,
        null,
        1,
        0,
        null,
        null,
        1,
        null,
        null,
        null,
        1,
        4,
        null,
        null,
        null,
        null,
        null,
        null,
        null
      ],
      "/Users/juankuquintana/yellowme/teams/yellowme/repo/bestie/lib/bestie/repositories/catalogs/base_catalog.rb": [
        1,
        1,
        1,
        1,
        1,
        1,
        null,
        null,
        null,
        null,
        null,
        null,
        null,
        null,
        null,
        null,
        1,
        1,
        1,
        null,
        null,
        null,
        null,
        null,
        null,
        null,
        null,
        null,
        null,
        null,
        null,
        1,
        2,
        2,
        2,
        null,
        null,
        null,
        null,
        null,
        null,
        null,
        null,
        null,
        null,
        null,
        1,
        1,
        1,
        1,
        null,
        1,
        null,
        null,
        1,
        null,
        1,
        1,
        1,
        null,
        null,
        null,
        null,
        null
      ],
      "/Users/juankuquintana/yellowme/teams/yellowme/repo/bestie/lib/bestie/concerns/guard/capitalizable.rb": [
        1,
        1,
        1,
        1,
        1,
        null,
        1,
        1,
        null,
        1,
        null,
        1,
        1,
        null,
        null,
        null,
        1,
        1,
        null,
        null,
        1,
        null,
        1,
        13,
        13,
        13,
        null,
        null,
        null,
        null,
        null,
        null
      ],
      "/Users/juankuquintana/yellowme/teams/yellowme/repo/bestie/lib/bestie/concerns/validations/undestroyable.rb": [
        1,
        1,
        1,
        1,
        1,
        1,
        1,
        null,
        null,
        1,
        null,
        1,
        2,
        null,
        null,
        null,
        null,
        null
      ],
      "/Users/juankuquintana/yellowme/teams/yellowme/repo/bestie/lib/bestie/formatter/null_attributes_remover.rb": [
        1,
        1,
        1,
        1,
        39,
        null,
        null,
        null,
        null
      ],
      "/Users/juankuquintana/yellowme/teams/yellowme/repo/bestie/lib/bestie/formatter/regex_constants.rb": [
        1,
        1,
        1,
        1,
        1,
        1,
        null,
        null,
        null
      ],
      "/Users/juankuquintana/yellowme/teams/yellowme/repo/bestie/lib/bestie/formatter/string_utils.rb": [
        1,
        1,
        1,
        1,
        19,
        null,
        null,
        null,
        null
      ],
      "/Users/juankuquintana/yellowme/teams/yellowme/repo/bestie/lib/bestie/errors/error_base.rb": [
        null,
        null,
        null,
        null,
        null,
        null,
        null,
        null,
        null,
        null,
        null,
        null,
        null,
        null,
        null,
        null,
        null,
        null,
        null,
        null,
        null,
        1,
        1,
        1,
        1,
        null,
        1,
        null,
        1,
        null,
        null,
        null,
        null,
        null,
        null,
        null,
        152,
        152,
        152,
        152,
        152,
        152,
        152,
        152,
        152,
        null,
        null,
        null,
        1,
        0,
        null,
        null,
        null,
        null,
        null,
        null,
        null,
        null,
        1,
        65,
        null,
        null,
        null,
        null
      ],
      "/Users/juankuquintana/yellowme/teams/yellowme/repo/bestie/lib/bestie/errors/error_serializer.rb": [
        1,
        1,
        1,
        1,
        1,
        null,
        1,
        null,
        null,
        null
      ],
      "/Users/juankuquintana/yellowme/teams/yellowme/repo/bestie/lib/bestie/errors/bad_request.rb": [
        1,
        1,
        1,
        1,
        12,
        null,
        null,
        null,
        null,
        null,
        null,
        null,
        null,
        null,
        null
      ],
      "/Users/juankuquintana/yellowme/teams/yellowme/repo/bestie/lib/bestie/errors/conflict.rb": [
        1,
        1,
        1,
        1,
        24,
        null,
        null,
        null,
        null,
        null,
        null,
        null,
        null,
        null,
        null
      ],
      "/Users/juankuquintana/yellowme/teams/yellowme/repo/bestie/lib/bestie/errors/default_handling.rb": [
        1,
        1,
        1,
        1,
        0,
        null,
        null,
        null,
        null,
        0,
        0,
        null,
        null,
        null,
        null,
        null,
        null,
        null,
        0,
        0,
        null,
        null,
        null,
        0,
        0,
        null,
        null,
        0,
        0,
        null,
        null,
        0,
        0,
        null,
        null,
        0,
        0,
        null,
        null,
        null,
        null,
        null,
        null,
        null
      ],
      "/Users/juankuquintana/yellowme/teams/yellowme/repo/bestie/lib/bestie/errors/forbidden.rb": [
        1,
        1,
        1,
        1,
        12,
        null,
        null,
        null,
        null,
        null,
        null,
        null,
        null,
        null,
        null
      ],
      "/Users/juankuquintana/yellowme/teams/yellowme/repo/bestie/lib/bestie/errors/internal_server_error.rb": [
        1,
        1,
        1,
        1,
        12,
        null,
        null,
        null,
        null,
        null,
        null,
        null,
        null,
        null,
        null
      ],
      "/Users/juankuquintana/yellowme/teams/yellowme/repo/bestie/lib/bestie/errors/unprocessable_entity.rb": [
        1,
        1,
        1,
        1,
        34,
        null,
        null,
        null,
        null,
        null,
        null,
        null,
        null,
        null,
        null
      ],
      "/Users/juankuquintana/yellowme/teams/yellowme/repo/bestie/lib/bestie/errors/invalid_resource.rb": [
        1,
        1,
        1,
        1,
        null,
        null,
        null,
        null,
        null,
        12,
        12,
        12,
        null,
        null,
        null,
        null,
        null,
        null,
        null,
        null,
        null
      ],
      "/Users/juankuquintana/yellowme/teams/yellowme/repo/bestie/lib/bestie/errors/maintenance_mode.rb": [
        1,
        1,
        1,
        1,
        10,
        null,
        null,
        null,
        null,
        null,
        null,
        null,
        null,
        null
      ],
      "/Users/juankuquintana/yellowme/teams/yellowme/repo/bestie/lib/bestie/errors/missing_parameter.rb": [
        1,
        1,
        1,
        1,
        10,
        10,
        10,
        null,
        null,
        null,
        null,
        null,
        null
      ],
      "/Users/juankuquintana/yellowme/teams/yellowme/repo/bestie/lib/bestie/errors/not_unique.rb": [
        1,
        1,
        1,
        1,
        12,
        null,
        null,
        null,
        null,
        null,
        null,
        null,
        null,
        null
      ],
      "/Users/juankuquintana/yellowme/teams/yellowme/repo/bestie/lib/bestie/errors/payment_required.rb": [
        1,
        1,
        1,
        1,
        12,
        null,
        null,
        null,
        null,
        null,
        null,
        null,
        null,
        null,
        null
      ],
      "/Users/juankuquintana/yellowme/teams/yellowme/repo/bestie/lib/bestie/errors/precondition_failed.rb": [
        1,
        1,
        1,
        1,
        12,
        null,
        null,
        null,
        null,
        null,
        null,
        null,
        null,
        null,
        null
      ],
      "/Users/juankuquintana/yellowme/teams/yellowme/repo/bestie/lib/bestie/errors/route_not_found.rb": [
        1,
        1,
        1,
        1,
        10,
        null,
        null,
        null,
        null,
        null,
        null,
        null,
        null,
        null
      ],
      "/Users/juankuquintana/yellowme/teams/yellowme/repo/bestie/lib/bestie/errors/unauthorized.rb": [
        1,
        1,
        1,
        1,
        14,
        null,
        null,
        null,
        null,
        null,
        null,
        null,
        null,
        null,
        null
      ],
      "/Users/juankuquintana/yellowme/teams/yellowme/repo/bestie/lib/bestie/middleware/catch_json_parse_errors.rb": [
        1,
        1,
        1,
        1,
        0,
        null,
        null,
        1,
        0,
        null,
        0,
        null,
        0,
        0,
        null,
        null,
        null,
        null,
        null,
        null,
        null,
        null,
        0,
        null,
        0,
        null,
        null,
        null,
        null,
        null
      ],
      "/Users/juankuquintana/yellowme/teams/yellowme/repo/bestie/spec/dummy/config/environments/test.rb": [
        null,
        null,
        null,
        null,
        null,
        1,
        null,
        null,
        1,
        null,
        null,
        null,
        null,
        1,
        null,
        null,
        1,
        1,
        null,
        null,
        null,
        null,
        1,
        1,
        1,
        null,
        null,
        1,
        null,
        null,
        1,
        null,
        null,
        1,
        null,
        1,
        null,
        null,
        null,
        null,
        1,
        null,
        null,
        1,
        null,
        null,
        null,
        null
      ],
      "/Users/juankuquintana/yellowme/teams/yellowme/repo/bestie/spec/dummy/config/initializers/application_controller_renderer.rb": [
        null,
        null,
        null,
        null,
        null,
        null,
        null,
        null
      ],
      "/Users/juankuquintana/yellowme/teams/yellowme/repo/bestie/spec/dummy/config/initializers/assets.rb": [
        null,
        null,
        null,
        1,
        null,
        null,
        null,
        null,
        null,
        null,
        null,
        null
      ],
      "/Users/juankuquintana/yellowme/teams/yellowme/repo/bestie/spec/dummy/config/initializers/backtrace_silencers.rb": [
        null,
        null,
        null,
        null,
        null,
        null,
        null
      ],
      "/Users/juankuquintana/yellowme/teams/yellowme/repo/bestie/spec/dummy/config/initializers/content_security_policy.rb": [
        null,
        null,
        null,
        null,
        null,
        null,
        null,
        null,
        null,
        null,
        null,
        null,
        null,
        null,
        null,
        null,
        null,
        null,
        null,
        null,
        null,
        null,
        null,
        null,
        null,
        null,
        null,
        null
      ],
      "/Users/juankuquintana/yellowme/teams/yellowme/repo/bestie/spec/dummy/config/initializers/cookies_serializer.rb": [
        null,
        null,
        null,
        null,
        1
      ],
      "/Users/juankuquintana/yellowme/teams/yellowme/repo/bestie/spec/dummy/config/initializers/filter_parameter_logging.rb": [
        null,
        null,
        null,
        1
      ],
      "/Users/juankuquintana/yellowme/teams/yellowme/repo/bestie/spec/dummy/config/initializers/inflections.rb": [
        null,
        null,
        null,
        null,
        null,
        null,
        null,
        null,
        null,
        null,
        null,
        null,
        null,
        null,
        null,
        null
      ],
      "/Users/juankuquintana/yellowme/teams/yellowme/repo/bestie/spec/dummy/config/initializers/mime_types.rb": [
        null,
        null,
        null,
        null
      ],
      "/Users/juankuquintana/yellowme/teams/yellowme/repo/bestie/spec/dummy/config/initializers/wrap_parameters.rb": [
        null,
        null,
        null,
        null,
        null,
        null,
        1,
        1,
        null,
        null,
        null,
        null,
        null,
        null
      ],
      "/Users/juankuquintana/yellowme/teams/yellowme/repo/bestie/spec/dummy/config/routes.rb": [
        1,
        null,
        null
      ],
      "/Users/juankuquintana/yellowme/teams/yellowme/repo/bestie/spec/dummy/app/helpers/application_helper.rb": [
        1,
        null
      ],
      "/Users/juankuquintana/yellowme/teams/yellowme/repo/bestie/spec/factories/catalogs/application_parameters.rb": [
        1,
        1,
        3,
        1,
        null,
        null
      ],
      "/Users/juankuquintana/yellowme/teams/yellowme/repo/bestie/spec/dummy/app/models/catalogs/application_parameter.rb": [
        1,
        1,
        1,
        1,
        null,
        null
      ],
      "/Users/juankuquintana/yellowme/teams/yellowme/repo/bestie/spec/dummy/app/models/application_record.rb": [
        1,
        1,
        null
      ],
      "/Users/juankuquintana/yellowme/teams/yellowme/repo/bestie/spec/factories/users.rb": [
        1,
        1,
        8,
        9,
        null,
        null
      ],
      "/Users/juankuquintana/yellowme/teams/yellowme/repo/bestie/spec/dummy/app/models/user.rb": [
        1,
        1,
        1,
        null,
        1,
        null,
        1,
        null,
        null,
        null,
        1,
        null,
        null,
        null
      ],
      "/Users/juankuquintana/yellowme/teams/yellowme/repo/bestie/spec/bestie/concerns/guard/capitalizable_spec.rb": [
        1,
        2,
        null,
        1,
        1,
        1,
        null,
        null,
        1,
        1,
        1,
        null,
        null
      ],
      "/Users/juankuquintana/yellowme/teams/yellowme/repo/bestie/spec/bestie/concerns/validations/undestroyable_spec.rb": [
        1,
        null,
        1,
        2,
        null,
        1,
        2,
        null,
        null
      ],
      "/Users/juankuquintana/yellowme/teams/yellowme/repo/bestie/spec/bestie/errors/bad_request_spec.rb": [
        1,
        1,
        1,
        1,
        1,
        1,
        null,
        null,
        null,
        null,
        1,
        3,
        null,
        1,
        1,
        1,
        null,
        null,
        2,
        null,
        null,
        1,
        3,
        null,
        3,
        null,
        1,
        1,
        1,
        null,
        null,
        2,
        null,
        null,
        1,
        3,
        3,
        null,
        3,
        null,
        1,
        1,
        1,
        null,
        null,
        2,
        null,
        null,
        1,
        3,
        null,
        3,
        null,
        1,
        1,
        1,
        null,
        null,
        2,
        null,
        null,
        null
      ],
      "/Users/juankuquintana/yellowme/teams/yellowme/repo/bestie/spec/bestie/errors/conflict_spec.rb": [
        1,
        1,
        1,
        1,
        1,
        1,
        null,
        null,
        null,
        null,
        1,
        3,
        null,
        1,
        1,
        1,
        null,
        null,
        2,
        null,
        null,
        1,
        3,
        null,
        3,
        null,
        1,
        1,
        1,
        null,
        null,
        2,
        null,
        null,
        1,
        3,
        3,
        null,
        3,
        null,
        1,
        1,
        1,
        null,
        null,
        2,
        null,
        null,
        1,
        3,
        null,
        3,
        null,
        1,
        1,
        1,
        null,
        null,
        2,
        null,
        null,
        null
      ],
      "/Users/juankuquintana/yellowme/teams/yellowme/repo/bestie/spec/bestie/errors/forbidden_spec.rb": [
        1,
        1,
        1,
        1,
        1,
        1,
        null,
        null,
        null,
        null,
        1,
        3,
        null,
        1,
        1,
        1,
        null,
        null,
        2,
        null,
        null,
        1,
        3,
        null,
        3,
        null,
        1,
        1,
        1,
        null,
        null,
        2,
        null,
        null,
        1,
        3,
        3,
        null,
        3,
        null,
        1,
        1,
        1,
        null,
        null,
        2,
        null,
        null,
        1,
        3,
        null,
        3,
        null,
        1,
        1,
        1,
        null,
        null,
        2,
        null,
        null,
        null
      ],
      "/Users/juankuquintana/yellowme/teams/yellowme/repo/bestie/spec/bestie/errors/internal_server_error_spec.rb": [
        1,
        1,
        1,
        1,
        1,
        1,
        null,
        null,
        null,
        null,
        1,
        3,
        null,
        1,
        1,
        1,
        null,
        null,
        2,
        null,
        null,
        1,
        3,
        null,
        3,
        null,
        1,
        1,
        1,
        null,
        null,
        2,
        null,
        null,
        1,
        3,
        3,
        null,
        3,
        null,
        1,
        1,
        1,
        null,
        null,
        2,
        null,
        null,
        1,
        3,
        null,
        3,
        null,
        1,
        1,
        1,
        null,
        null,
        2,
        null,
        null,
        null
      ],
      "/Users/juankuquintana/yellowme/teams/yellowme/repo/bestie/spec/bestie/errors/invalid_resource_spec.rb": [
        1,
        1,
        1,
        1,
        1,
        1,
        null,
        null,
        null,
        null,
        1,
        3,
        null,
        1,
        1,
        1,
        null,
        null,
        2,
        null,
        null,
        1,
        3,
        null,
        3,
        null,
        1,
        1,
        1,
        null,
        null,
        2,
        null,
        null,
        1,
        3,
        3,
        null,
        3,
        null,
        1,
        1,
        1,
        null,
        null,
        2,
        null,
        null,
        1,
        3,
        null,
        3,
        null,
        1,
        1,
        1,
        null,
        null,
        2,
        null,
        null,
        null
      ],
      "/Users/juankuquintana/yellowme/teams/yellowme/repo/bestie/spec/bestie/errors/maintenance_mode_spec.rb": [
        1,
        1,
        1,
        1,
        1,
        1,
        null,
        null,
        null,
        null,
        1,
        3,
        null,
        1,
        1,
        1,
        null,
        null,
        2,
        null,
        null,
        1,
        3,
        null,
        3,
        null,
        1,
        1,
        1,
        null,
        null,
        2,
        null,
        null,
        1,
        3,
        3,
        null,
        3,
        null,
        1,
        1,
        1,
        null,
        null,
        2,
        null,
        null,
        null
      ],
      "/Users/juankuquintana/yellowme/teams/yellowme/repo/bestie/spec/bestie/errors/missing_parameter_spec.rb": [
        1,
        1,
        1,
        1,
        1,
        1,
        null,
        null,
        null,
        null,
        1,
        3,
        null,
        1,
        1,
        1,
        null,
        null,
        2,
        null,
        null,
        1,
        3,
        null,
        3,
        null,
        1,
        1,
        1,
        null,
        null,
        2,
        null,
        null,
        1,
        3,
        3,
        null,
        3,
        null,
        1,
        1,
        1,
        null,
        null,
        2,
        null,
        null,
        null
      ],
      "/Users/juankuquintana/yellowme/teams/yellowme/repo/bestie/spec/bestie/errors/not_unique_spec.rb": [
        1,
        1,
        1,
        1,
        1,
        1,
        null,
        null,
        null,
        null,
        1,
        3,
        null,
        1,
        1,
        1,
        null,
        null,
        2,
        null,
        null,
        1,
        3,
        null,
        3,
        null,
        1,
        1,
        1,
        null,
        null,
        2,
        null,
        null,
        1,
        3,
        3,
        null,
        3,
        null,
        1,
        1,
        1,
        null,
        null,
        2,
        null,
        null,
        1,
        3,
        null,
        3,
        null,
        1,
        1,
        1,
        null,
        null,
        2,
        null,
        null,
        null
      ],
      "/Users/juankuquintana/yellowme/teams/yellowme/repo/bestie/spec/bestie/errors/payment_required_spec.rb": [
        1,
        1,
        1,
        1,
        1,
        1,
        null,
        null,
        null,
        null,
        1,
        3,
        null,
        1,
        1,
        1,
        null,
        null,
        2,
        null,
        null,
        1,
        3,
        null,
        3,
        null,
        1,
        1,
        1,
        null,
        null,
        2,
        null,
        null,
        1,
        3,
        3,
        null,
        3,
        null,
        1,
        1,
        1,
        null,
        null,
        2,
        null,
        null,
        1,
        3,
        null,
        3,
        null,
        1,
        1,
        1,
        null,
        null,
        2,
        null,
        null,
        null
      ],
      "/Users/juankuquintana/yellowme/teams/yellowme/repo/bestie/spec/bestie/errors/precondition_failed_spec.rb": [
        1,
        1,
        1,
        1,
        1,
        1,
        null,
        null,
        null,
        null,
        1,
        3,
        null,
        1,
        1,
        1,
        null,
        null,
        2,
        null,
        null,
        1,
        3,
        null,
        3,
        null,
        1,
        1,
        1,
        null,
        null,
        2,
        null,
        null,
        1,
        3,
        3,
        null,
        3,
        null,
        1,
        1,
        1,
        null,
        null,
        2,
        null,
        null,
        1,
        3,
        null,
        3,
        null,
        1,
        1,
        1,
        null,
        null,
        2,
        null,
        null,
        null
      ],
      "/Users/juankuquintana/yellowme/teams/yellowme/repo/bestie/spec/bestie/errors/route_not_found_spec.rb": [
        1,
        1,
        1,
        1,
        1,
        1,
        null,
        null,
        null,
        null,
        1,
        3,
        null,
        1,
        1,
        1,
        null,
        null,
        2,
        null,
        null,
        1,
        3,
        null,
        3,
        null,
        1,
        1,
        1,
        null,
        null,
        2,
        null,
        null,
        1,
        3,
        3,
        null,
        3,
        null,
        1,
        1,
        1,
        null,
        null,
        2,
        null,
        null,
        null
      ],
      "/Users/juankuquintana/yellowme/teams/yellowme/repo/bestie/spec/bestie/errors/unauthorized_spec.rb": [
        1,
        1,
        1,
        1,
        1,
        1,
        null,
        null,
        null,
        null,
        1,
        3,
        null,
        1,
        1,
        1,
        null,
        null,
        2,
        null,
        null,
        1,
        3,
        null,
        3,
        null,
        1,
        1,
        1,
        null,
        null,
        2,
        null,
        null,
        1,
        3,
        3,
        null,
        3,
        null,
        1,
        1,
        1,
        null,
        null,
        2,
        null,
        null,
        1,
        3,
        null,
        3,
        null,
        1,
        1,
        1,
        null,
        null,
        2,
        null,
        null,
        null
      ],
      "/Users/juankuquintana/yellowme/teams/yellowme/repo/bestie/spec/bestie/errors/unprocessable_entity_spec.rb": [
        1,
        1,
        1,
        1,
        1,
        1,
        null,
        null,
        null,
        null,
        1,
        3,
        null,
        1,
        1,
        1,
        null,
        null,
        2,
        null,
        null,
        1,
        3,
        null,
        3,
        null,
        1,
        1,
        1,
        null,
        null,
        2,
        null,
        null,
        1,
        3,
        3,
        null,
        3,
        null,
        1,
        1,
        1,
        null,
        null,
        2,
        null,
        null,
        1,
        3,
        null,
        3,
        null,
        1,
        1,
        1,
        null,
        null,
        2,
        null,
        null,
        null
      ],
      "/Users/juankuquintana/yellowme/teams/yellowme/repo/bestie/spec/bestie/formatter/regex_constants_spec.rb": [
        1,
        1,
        1,
        1,
        null,
        null,
        null,
        null,
        null,
        null,
        null,
        null,
        null,
        null,
        1,
        8,
        8,
        null,
        null,
        null,
        null,
        1,
        1,
        null,
        null,
        null,
        null,
        null,
        null,
        null,
        null,
        null,
        null,
        1,
        8,
        8,
        null,
        null,
        null,
        null,
        null,
        1,
        1,
        1,
        null,
        null,
        null,
        null,
        null,
        1,
        4,
        4,
        null,
        null,
        null,
        null,
        1,
        1,
        null,
        null,
        null,
        null,
        1,
        3,
        3,
        null,
        null,
        null,
        null,
        null,
        1,
        1,
        1,
        null,
        null,
        null,
        null,
        null,
        null,
        null,
        null,
        1,
        7,
        7,
        null,
        null,
        null,
        null,
        1,
        1,
        null,
        null,
        null,
        null,
        1,
        3,
        3,
        null,
        null,
        null,
        null,
        null
      ],
      "/Users/juankuquintana/yellowme/teams/yellowme/repo/bestie/spec/bestie/formatter/string_utils_spec.rb": [
        1,
        1,
        1,
        null,
        null,
        null,
        null,
        null,
        null,
        null,
        null,
        null,
        1,
        7,
        7,
        null,
        null,
        null,
        null
      ],
      "/Users/juankuquintana/yellowme/teams/yellowme/repo/bestie/spec/bestie/repositories/base_repository_spec.rb": [
        1,
        6,
        1,
        3,
        null,
        null,
        null,
        null,
        null,
        1,
        1,
        2,
        null,
        2,
        null,
        null,
        1,
        2,
        null,
        null,
        null,
        1,
        1,
        2,
        null,
        2,
        null,
        null,
        1,
        1,
        1,
        1,
        null,
        null,
        null,
        null,
        null,
        null,
        null,
        1,
        1,
        2,
        null,
        1,
        1,
        1,
        1,
        null,
        null,
        null,
        1,
        1,
        null,
        2,
        null,
        3,
        null,
        null,
        null,
        1,
        1,
        2,
        null,
        1,
        1,
        1,
        1,
        null,
        null,
        null,
        1,
        1,
        1,
        1,
        null,
        null,
        null,
        null,
        2,
        null,
        3,
        null,
        null,
        1,
        1,
        1,
        1,
        null,
        null,
        null,
        null,
        null,
        null,
        null,
        1,
        2,
        null,
        3,
        null,
        null,
        null,
        null
      ],
      "/Users/juankuquintana/yellowme/teams/yellowme/repo/bestie/spec/bestie/repositories/catalogs/base_catalog_spec.rb": [
        1,
        null,
        5,
        5,
        3,
        3,
        null,
        1,
        4,
        4,
        null,
        null,
        1,
        2,
        2,
        1,
        1,
        1,
        1,
        null,
        null,
        null,
        1,
        1,
        2,
        2,
        1,
        1,
        1,
        1,
        null,
        null,
        null,
        1,
        2,
        2,
        1,
        1,
        1,
        1,
        null,
        null,
        null,
        null,
        1,
        2,
        null,
        2,
        1,
        1,
        1,
        1,
        1,
        null,
        null,
        null
      ],
      "/Users/juankuquintana/yellowme/teams/yellowme/repo/bestie/spec/bestie/serializers/bad_request_spec.rb": [
        1,
        2,
        2,
        2,
        2,
        3,
        1,
        3,
        3,
        null,
        null,
        1,
        1,
        1,
        1,
        1,
        1,
        1,
        1,
        null,
        null,
        null,
        1,
        1,
        1,
        1,
        1,
        1,
        1,
        1,
        null,
        null,
        null,
        1,
        2,
        1,
        1,
        1,
        1,
        1,
        1,
        1,
        null,
        null,
        null,
        null
      ],
      "/Users/juankuquintana/yellowme/teams/yellowme/repo/bestie/spec/bestie/serializers/conflict_spec.rb": [
        1,
        2,
        2,
        2,
        2,
        3,
        1,
        3,
        3,
        null,
        null,
        1,
        1,
        1,
        1,
        1,
        1,
        1,
        1,
        null,
        null,
        null,
        1,
        1,
        1,
        1,
        1,
        1,
        1,
        1,
        null,
        null,
        null,
        1,
        2,
        1,
        1,
        1,
        1,
        1,
        1,
        1,
        null,
        null,
        null,
        null
      ],
      "/Users/juankuquintana/yellowme/teams/yellowme/repo/bestie/spec/bestie/serializers/forbidden_spec.rb": [
        1,
        2,
        2,
        2,
        2,
        3,
        1,
        3,
        3,
        null,
        null,
        1,
        1,
        1,
        1,
        1,
        1,
        1,
        1,
        null,
        null,
        null,
        1,
        1,
        1,
        1,
        1,
        1,
        1,
        1,
        null,
        null,
        null,
        1,
        2,
        1,
        1,
        1,
        1,
        1,
        1,
        1,
        null,
        null,
        null,
        null
      ],
      "/Users/juankuquintana/yellowme/teams/yellowme/repo/bestie/spec/bestie/serializers/internal_server_error_spec.rb": [
        1,
        2,
        2,
        2,
        2,
        3,
        1,
        3,
        3,
        null,
        null,
        1,
        1,
        1,
        1,
        1,
        1,
        1,
        1,
        null,
        null,
        null,
        1,
        1,
        1,
        1,
        1,
        1,
        1,
        1,
        null,
        null,
        null,
        1,
        2,
        1,
        1,
        1,
        1,
        1,
        1,
        1,
        null,
        null,
        null,
        null
      ],
      "/Users/juankuquintana/yellowme/teams/yellowme/repo/bestie/spec/bestie/serializers/invalid_resource_spec.rb": [
        1,
        2,
        2,
        2,
        2,
        3,
        1,
        3,
        3,
        null,
        null,
        1,
        1,
        1,
        1,
        1,
        1,
        1,
        1,
        null,
        null,
        null,
        1,
        1,
        1,
        1,
        1,
        1,
        1,
        1,
        null,
        null,
        null,
        1,
        2,
        1,
        1,
        1,
        1,
        1,
        1,
        1,
        null,
        null,
        null,
        null
      ],
      "/Users/juankuquintana/yellowme/teams/yellowme/repo/bestie/spec/bestie/serializers/maintenance_mode_spec.rb": [
        1,
        2,
        2,
        2,
        2,
        3,
        1,
        3,
        3,
        null,
        null,
        1,
        1,
        1,
        1,
        1,
        1,
        1,
        1,
        null,
        null,
        null,
        1,
        1,
        1,
        1,
        1,
        1,
        1,
        1,
        null,
        null,
        null,
        1,
        2,
        1,
        1,
        1,
        1,
        1,
        1,
        1,
        null,
        null,
        null,
        null
      ],
      "/Users/juankuquintana/yellowme/teams/yellowme/repo/bestie/spec/bestie/serializers/missing_parameter_spec.rb": [
        1,
        2,
        2,
        3,
        1,
        3,
        3,
        null,
        null,
        1,
        1,
        1,
        1,
        1,
        1,
        1,
        1,
        null,
        null,
        null,
        1,
        1,
        1,
        1,
        1,
        1,
        1,
        1,
        null,
        null,
        null,
        1,
        2,
        1,
        1,
        1,
        1,
        1,
        1,
        1,
        null,
        null,
        null,
        null
      ],
      "/Users/juankuquintana/yellowme/teams/yellowme/repo/bestie/spec/bestie/serializers/not_unique_spec.rb": [
        1,
        2,
        2,
        2,
        2,
        3,
        1,
        3,
        3,
        null,
        null,
        1,
        1,
        1,
        1,
        1,
        1,
        1,
        1,
        null,
        null,
        null,
        1,
        1,
        1,
        1,
        1,
        1,
        1,
        1,
        null,
        null,
        null,
        1,
        2,
        1,
        1,
        1,
        1,
        1,
        1,
        1,
        null,
        null,
        null,
        null
      ],
      "/Users/juankuquintana/yellowme/teams/yellowme/repo/bestie/spec/bestie/serializers/payment_required_spec.rb": [
        1,
        2,
        2,
        2,
        2,
        3,
        1,
        3,
        3,
        null,
        null,
        1,
        1,
        1,
        1,
        1,
        1,
        1,
        1,
        null,
        null,
        null,
        1,
        1,
        1,
        1,
        1,
        1,
        1,
        1,
        null,
        null,
        null,
        1,
        2,
        1,
        1,
        1,
        1,
        1,
        1,
        1,
        null,
        null,
        null,
        null
      ],
      "/Users/juankuquintana/yellowme/teams/yellowme/repo/bestie/spec/bestie/serializers/precondition_failed_spec.rb": [
        1,
        2,
        2,
        2,
        2,
        3,
        1,
        3,
        3,
        null,
        null,
        1,
        1,
        1,
        1,
        1,
        1,
        1,
        1,
        null,
        null,
        null,
        1,
        1,
        1,
        1,
        1,
        1,
        1,
        1,
        null,
        null,
        null,
        1,
        2,
        1,
        1,
        1,
        1,
        1,
        1,
        1,
        null,
        null,
        null,
        null
      ],
      "/Users/juankuquintana/yellowme/teams/yellowme/repo/bestie/spec/bestie/serializers/route_not_found_spec.rb": [
        1,
        2,
        2,
        2,
        2,
        3,
        1,
        3,
        3,
        null,
        null,
        1,
        1,
        1,
        1,
        1,
        1,
        1,
        1,
        null,
        null,
        null,
        1,
        1,
        1,
        1,
        1,
        1,
        1,
        1,
        null,
        null,
        null,
        1,
        2,
        1,
        1,
        1,
        1,
        1,
        1,
        1,
        null,
        null,
        null,
        null
      ],
      "/Users/juankuquintana/yellowme/teams/yellowme/repo/bestie/spec/bestie/serializers/unauthorized_spec.rb": [
        1,
        2,
        2,
        2,
        2,
        3,
        1,
        3,
        3,
        null,
        null,
        1,
        1,
        1,
        1,
        1,
        1,
        1,
        1,
        null,
        null,
        null,
        1,
        1,
        1,
        1,
        1,
        1,
        1,
        1,
        null,
        null,
        null,
        1,
        2,
        1,
        1,
        1,
        1,
        1,
        1,
        1,
        null,
        null,
        null,
        null
      ],
      "/Users/juankuquintana/yellowme/teams/yellowme/repo/bestie/spec/bestie/serializers/unprocessable_entity_spec.rb": [
        1,
        2,
        2,
        2,
        2,
        3,
        1,
        3,
        3,
        null,
        null,
        1,
        1,
        1,
        1,
        1,
        1,
        1,
        1,
        null,
        null,
        null,
        1,
        1,
        1,
        1,
        1,
        1,
        1,
        1,
        null,
        null,
        null,
        1,
        2,
        1,
        1,
        1,
        1,
        1,
        1,
        1,
        null,
        null,
        null,
        null
      ],
      "/Users/juankuquintana/yellowme/teams/yellowme/repo/bestie/spec/bestie/shared-examples/user_spec.rb": [
        1,
        1,
        1,
        null,
        1,
        1,
        1,
        null,
        1,
        1,
        1,
        1,
        null,
        null
      ],
      "/Users/juankuquintana/yellowme/teams/yellowme/repo/bestie/spec/support/shared-examples/undestroyable.rb": [
        1,
        2,
        null,
        1,
        1,
        2,
        null,
        null
      ],
      "/Users/juankuquintana/yellowme/teams/yellowme/repo/bestie/spec/support/shared-examples/capitalizable.rb": [
        1,
        2,
        null,
        1,
        1,
        1,
        1,
        null,
        1,
        1,
        1,
        1,
        1,
        null,
        null,
        null
      ],
      "/Users/juankuquintana/yellowme/teams/yellowme/repo/bestie/spec/support/shared-examples/stripable.rb": [
        1,
        2,
        2,
        null,
        1,
        1,
        1,
        2,
        null,
        1,
        1,
        1,
        2,
        2,
        null,
        null,
        null
      ],
      "/Users/juankuquintana/yellowme/teams/yellowme/repo/bestie/spec/dummy/app/repositories/user_repository.rb": [
        1,
        null
      ],
      "/Users/juankuquintana/yellowme/teams/yellowme/repo/bestie/spec/dummy/app/repositories/catalogs/application_parameter_repository.rb": [
        1,
        1,
        null,
        null
      ]
    },
    "timestamp": 1576247630
  }
}
