{
  "RSpec": {
    "coverage": {
      "/Users/juankuquintana/yellowme/teams/yellowme/repo/bestie/spec/rails_helper.rb": [
        null,
        1,
        1,
        null,
        1,
        null,
        null,
        1,
        1,
        null,
        1,
        1,
        null,
        null,
        null,
        null,
        null,
        null,
        null,
        null,
        null,
        null,
        null,
        null,
        null,
        null,
        null,
        null,
        null,
        null,
        1,
        1,
        null,
        0,
        0,
        null,
        1,
        null,
        1,
        1,
        null,
        null,
        null,
        null,
        1,
        null,
        null,
        null,
        null,
        null,
        null,
        null,
        null,
        null,
        null,
        null,
        null,
        null,
        null,
        1,
        null,
        null,
        1,
        null,
        null,
        null
      ],
      "/Users/juankuquintana/yellowme/teams/yellowme/repo/bestie/spec/dummy/config/environment.rb": [
        null,
        1,
        null,
        null,
        1
      ],
      "/Users/juankuquintana/yellowme/teams/yellowme/repo/bestie/spec/dummy/config/application.rb": [
        1,
        null,
        1,
        null,
        1,
        1,
        1,
        1,
        1,
        1,
        1,
        1,
        1,
        null,
        null,
        1,
        1,
        null,
        1,
        1,
        null,
        1,
        null,
        null,
        null,
        null,
        null,
        null,
        null,
        null
      ],
      "/Users/juankuquintana/yellowme/teams/yellowme/repo/bestie/spec/dummy/config/boot.rb": [
        null,
        1,
        null,
        1,
        1
      ],
      "/Users/juankuquintana/yellowme/teams/yellowme/repo/bestie/lib/bestie.rb": [
        1,
        null,
        1,
        1,
        1,
        null,
        1,
        1,
        1,
        null,
        1,
        null
      ],
      "/Users/juankuquintana/yellowme/teams/yellowme/repo/bestie/lib/bestie/railtie.rb": [
        1,
        1,
        null,
        null
      ],
      "/Users/juankuquintana/yellowme/teams/yellowme/repo/bestie/lib/bestie/base_repository.rb": [
        1,
        1,
        1,
        null,
        null,
        null,
        null,
        null,
        null,
        1,
        2,
        null,
        null,
        null,
        null,
        null,
        null,
        null,
        null,
        null,
        1,
        2,
        null,
        null,
        null,
        null,
        null,
        null,
        null,
        null,
        null,
        null,
        null,
        1,
        2,
        null,
        null,
        null,
        null,
        null,
        null,
        null,
        null,
        null,
        null,
        null,
        null,
        1,
        0,
        0,
        null,
        null,
        null,
        null,
        null,
        null,
        null,
        null,
        null,
        null,
        null,
        1,
        4,
        3,
        null,
        1,
        null,
        null,
        1,
        null,
        1,
        1,
        1,
        null,
        null,
        null
      ],
      "/Users/juankuquintana/yellowme/teams/yellowme/repo/bestie/lib/bestie/concerns/guard/capitalizable.rb": [
        1,
        1,
        1,
        1,
        1,
        null,
        1,
        1,
        null,
        1,
        null,
        1,
        1,
        null,
        null,
        null,
        1,
        1,
        null,
        null,
        1,
        null,
        1,
        13,
        13,
        13,
        null,
        null,
        null,
        null,
        null,
        null
      ],
      "/Users/juankuquintana/yellowme/teams/yellowme/repo/bestie/lib/bestie/concerns/validations/undestroyable.rb": [
        1,
        1,
        1,
        1,
        1,
        1,
        1,
        null,
        null,
        1,
        null,
        1,
        2,
        null,
        null,
        null,
        null,
        null
      ],
      "/Users/juankuquintana/yellowme/teams/yellowme/repo/bestie/spec/dummy/config/environments/test.rb": [
        null,
        null,
        null,
        null,
        null,
        1,
        null,
        null,
        1,
        null,
        null,
        null,
        null,
        1,
        null,
        null,
        1,
        1,
        null,
        null,
        null,
        null,
        1,
        1,
        1,
        null,
        null,
        1,
        null,
        null,
        1,
        null,
        null,
        1,
        null,
        1,
        null,
        null,
        null,
        null,
        1,
        null,
        null,
        1,
        null,
        null,
        null,
        null
      ],
      "/Users/juankuquintana/yellowme/teams/yellowme/repo/bestie/spec/dummy/config/initializers/application_controller_renderer.rb": [
        null,
        null,
        null,
        null,
        null,
        null,
        null,
        null
      ],
      "/Users/juankuquintana/yellowme/teams/yellowme/repo/bestie/spec/dummy/config/initializers/assets.rb": [
        null,
        null,
        null,
        1,
        null,
        null,
        null,
        null,
        null,
        null,
        null,
        null
      ],
      "/Users/juankuquintana/yellowme/teams/yellowme/repo/bestie/spec/dummy/config/initializers/backtrace_silencers.rb": [
        null,
        null,
        null,
        null,
        null,
        null,
        null
      ],
      "/Users/juankuquintana/yellowme/teams/yellowme/repo/bestie/spec/dummy/config/initializers/content_security_policy.rb": [
        null,
        null,
        null,
        null,
        null,
        null,
        null,
        null,
        null,
        null,
        null,
        null,
        null,
        null,
        null,
        null,
        null,
        null,
        null,
        null,
        null,
        null,
        null,
        null,
        null,
        null,
        null,
        null
      ],
      "/Users/juankuquintana/yellowme/teams/yellowme/repo/bestie/spec/dummy/config/initializers/cookies_serializer.rb": [
        null,
        null,
        null,
        null,
        1
      ],
      "/Users/juankuquintana/yellowme/teams/yellowme/repo/bestie/spec/dummy/config/initializers/filter_parameter_logging.rb": [
        null,
        null,
        null,
        1
      ],
      "/Users/juankuquintana/yellowme/teams/yellowme/repo/bestie/spec/dummy/config/initializers/inflections.rb": [
        null,
        null,
        null,
        null,
        null,
        null,
        null,
        null,
        null,
        null,
        null,
        null,
        null,
        null,
        null,
        null
      ],
      "/Users/juankuquintana/yellowme/teams/yellowme/repo/bestie/spec/dummy/config/initializers/mime_types.rb": [
        null,
        null,
        null,
        null
      ],
      "/Users/juankuquintana/yellowme/teams/yellowme/repo/bestie/spec/dummy/config/initializers/wrap_parameters.rb": [
        null,
        null,
        null,
        null,
        null,
        null,
        1,
        1,
        null,
        null,
        null,
        null,
        null,
        null
      ],
      "/Users/juankuquintana/yellowme/teams/yellowme/repo/bestie/spec/dummy/config/routes.rb": [
        1,
        null,
        null
      ],
      "/Users/juankuquintana/yellowme/teams/yellowme/repo/bestie/spec/dummy/app/helpers/application_helper.rb": [
        1,
        null
      ],
      "/Users/juankuquintana/yellowme/teams/yellowme/repo/bestie/spec/factories/users.rb": [
        1,
        1,
        8,
        9,
        null,
        null
      ],
      "/Users/juankuquintana/yellowme/teams/yellowme/repo/bestie/spec/dummy/app/models/user.rb": [
        1,
        1,
        1,
        null,
        1,
        null,
        1,
        null,
        null,
        null,
        1,
        null,
        null,
        null
      ],
      "/Users/juankuquintana/yellowme/teams/yellowme/repo/bestie/spec/dummy/app/models/application_record.rb": [
        1,
        1,
        null
      ],
      "/Users/juankuquintana/yellowme/teams/yellowme/repo/bestie/spec/bestie/base_repository_spec.rb": [
        1,
        6,
        1,
        3,
        null,
        null,
        null,
        null,
        null,
        1,
        1,
        2,
        null,
        2,
        null,
        null,
        1,
        2,
        null,
        null,
        null,
        1,
        1,
        2,
        null,
        2,
        null,
        null,
        1,
        1,
        1,
        1,
        null,
        null,
        null,
        null,
        null,
        null,
        null,
        1,
        1,
        2,
        null,
        1,
        1,
        1,
        1,
        null,
        null,
        null,
        1,
        1,
        null,
        2,
        null,
        3,
        null,
        null,
        null,
        1,
        1,
        2,
        null,
        1,
        1,
        1,
        1,
        null,
        null,
        null,
        1,
        1,
        1,
        1,
        null,
        null,
        null,
        null,
        2,
        null,
        3,
        null,
        null,
        1,
        1,
        1,
        1,
        null,
        null,
        null,
        null,
        null,
        null,
        null,
        1,
        2,
        null,
        3,
        null,
        null,
        null,
        null
      ],
      "/Users/juankuquintana/yellowme/teams/yellowme/repo/bestie/spec/bestie/concerns/guard/capitalizable_spec.rb": [
        1,
        2,
        null,
        1,
        1,
        1,
        null,
        null,
        1,
        1,
        1,
        null,
        null
      ],
      "/Users/juankuquintana/yellowme/teams/yellowme/repo/bestie/spec/bestie/concerns/validations/undestroyable_spec.rb": [
        1,
        null,
        1,
        2,
        null,
        1,
        2,
        null,
        null
      ],
      "/Users/juankuquintana/yellowme/teams/yellowme/repo/bestie/spec/bestie/shared-examples/user_spec.rb": [
        null,
        1,
        1,
        1,
        null,
        1,
        1,
        1,
        null,
        1,
        1,
        1,
        1,
        null,
        null
      ],
      "/Users/juankuquintana/yellowme/teams/yellowme/repo/bestie/spec/support/shared-examples/undestroyable.rb": [
        1,
        2,
        null,
        1,
        1,
        2,
        null,
        null
      ],
      "/Users/juankuquintana/yellowme/teams/yellowme/repo/bestie/spec/support/shared-examples/capitalizable.rb": [
        1,
        2,
        null,
        1,
        1,
        1,
        1,
        null,
        1,
        1,
        1,
        1,
        1,
        null,
        null,
        null
      ],
      "/Users/juankuquintana/yellowme/teams/yellowme/repo/bestie/spec/support/shared-examples/stripable.rb": [
        1,
        2,
        2,
        null,
        1,
        1,
        1,
        2,
        null,
        1,
        1,
        1,
        2,
        2,
        null,
        null,
        null
      ],
      "/Users/juankuquintana/yellowme/teams/yellowme/repo/bestie/spec/dummy/app/repositories/user_repository.rb": [
        1,
        null
      ]
    },
    "timestamp": 1576198927
  }
}
